[3.078s] DEBUG:colcon:Command line arguments: ['/usr/bin/colcon', 'build']
[3.078s] DEBUG:colcon:Parsed command line arguments: Namespace(log_base=None, log_level=None, verb_name='build', build_base='build', install_base='install', merge_install=False, symlink_install=False, test_result_base=None, continue_on_error=False, executor='parallel', parallel_workers=4, event_handlers=None, ignore_user_meta=False, metas=['./colcon.meta'], base_paths=['.'], packages_ignore=None, packages_ignore_regex=None, paths=None, packages_up_to=None, packages_up_to_regex=None, packages_above=None, packages_above_and_dependencies=None, packages_above_depth=None, packages_select_by_dep=None, packages_skip_by_dep=None, packages_skip_up_to=None, packages_select_build_failed=False, packages_skip_build_finished=False, packages_select_test_failures=False, packages_skip_test_passed=False, packages_select=None, packages_skip=None, packages_select_regex=None, packages_skip_regex=None, packages_start=None, packages_end=None, allow_overriding=[], cmake_args=None, cmake_target=None, cmake_target_skip_unavailable=False, cmake_clean_cache=False, cmake_clean_first=False, cmake_force_configure=False, ament_cmake_args=None, catkin_cmake_args=None, catkin_skip_building_tests=False, verb_parser=<colcon_defaults.argument_parser.defaults.DefaultArgumentsDecorator object at 0xffff94b26bc0>, verb_extension=<colcon_core.verb.build.BuildVerb object at 0xffff953ba920>, main=<bound method BuildVerb.main of <colcon_core.verb.build.BuildVerb object at 0xffff953ba920>>)
[3.374s] Level 1:colcon.colcon_core.package_discovery:discover_packages(colcon_meta) check parameters
[3.375s] Level 1:colcon.colcon_core.package_discovery:discover_packages(recursive) check parameters
[3.375s] Level 1:colcon.colcon_core.package_discovery:discover_packages(ignore) check parameters
[3.376s] Level 1:colcon.colcon_core.package_discovery:discover_packages(path) check parameters
[3.376s] Level 1:colcon.colcon_core.package_discovery:discover_packages(colcon_meta) discover
[3.376s] Level 1:colcon.colcon_core.package_discovery:discover_packages(recursive) discover
[3.377s] INFO:colcon.colcon_core.package_discovery:Crawling recursively for packages in '/home/vortex/david_test_ws/vortex-asv/sensors/bms'
[3.378s] Level 1:colcon.colcon_core.package_identification:_identify(.) by extensions ['ignore', 'ignore_ament_install']
[3.379s] Level 1:colcon.colcon_core.package_identification:_identify(.) by extension 'ignore'
[3.380s] Level 1:colcon.colcon_core.package_identification:_identify(.) by extension 'ignore_ament_install'
[3.381s] Level 1:colcon.colcon_core.package_identification:_identify(.) by extensions ['colcon_pkg']
[3.381s] Level 1:colcon.colcon_core.package_identification:_identify(.) by extension 'colcon_pkg'
[3.382s] Level 1:colcon.colcon_core.package_identification:_identify(.) by extensions ['colcon_meta']
[3.382s] Level 1:colcon.colcon_core.package_identification:_identify(.) by extension 'colcon_meta'
[3.383s] Level 1:colcon.colcon_core.package_identification:_identify(.) by extensions ['ros']
[3.383s] Level 1:colcon.colcon_core.package_identification:_identify(.) by extension 'ros'
[3.519s] DEBUG:colcon.colcon_core.package_identification:Package '.' with type 'ros.ament_python' and name 'bms'
[3.520s] Level 1:colcon.colcon_core.package_discovery:discover_packages(recursive) using defaults
[3.521s] Level 1:colcon.colcon_core.package_discovery:discover_packages(ignore) discover
[3.521s] Level 1:colcon.colcon_core.package_discovery:discover_packages(ignore) using defaults
[3.521s] Level 1:colcon.colcon_core.package_discovery:discover_packages(path) discover
[3.522s] Level 1:colcon.colcon_core.package_discovery:discover_packages(path) using defaults
[3.768s] Level 1:colcon.colcon_core.package_discovery:discover_packages(prefix_path) check parameters
[3.769s] Level 1:colcon.colcon_core.package_discovery:discover_packages(prefix_path) discover
[3.800s] DEBUG:colcon.colcon_installed_package_information.package_discovery:Found 1 installed packages in /home/vortex/david_test_ws/vortex-asv/sensors/bms/install
[3.825s] DEBUG:colcon.colcon_installed_package_information.package_discovery:Found 196 installed packages in /opt/ros/humble
[3.839s] Level 1:colcon.colcon_core.package_discovery:discover_packages(prefix_path) using defaults
[4.342s] Level 5:colcon.colcon_core.verb:set package 'bms' build argument 'cmake_args' from command line to 'None'
[4.343s] Level 5:colcon.colcon_core.verb:set package 'bms' build argument 'cmake_target' from command line to 'None'
[4.343s] Level 5:colcon.colcon_core.verb:set package 'bms' build argument 'cmake_target_skip_unavailable' from command line to 'False'
[4.344s] Level 5:colcon.colcon_core.verb:set package 'bms' build argument 'cmake_clean_cache' from command line to 'False'
[4.344s] Level 5:colcon.colcon_core.verb:set package 'bms' build argument 'cmake_clean_first' from command line to 'False'
[4.344s] Level 5:colcon.colcon_core.verb:set package 'bms' build argument 'cmake_force_configure' from command line to 'False'
[4.345s] Level 5:colcon.colcon_core.verb:set package 'bms' build argument 'ament_cmake_args' from command line to 'None'
[4.345s] Level 5:colcon.colcon_core.verb:set package 'bms' build argument 'catkin_cmake_args' from command line to 'None'
[4.345s] Level 5:colcon.colcon_core.verb:set package 'bms' build argument 'catkin_skip_building_tests' from command line to 'False'
[4.346s] DEBUG:colcon.colcon_core.verb:Building package 'bms' with the following arguments: {'ament_cmake_args': None, 'build_base': '/home/vortex/david_test_ws/vortex-asv/sensors/bms/build/bms', 'catkin_cmake_args': None, 'catkin_skip_building_tests': False, 'cmake_args': None, 'cmake_clean_cache': False, 'cmake_clean_first': False, 'cmake_force_configure': False, 'cmake_target': None, 'cmake_target_skip_unavailable': False, 'install_base': '/home/vortex/david_test_ws/vortex-asv/sensors/bms/install/bms', 'merge_install': False, 'path': '/home/vortex/david_test_ws/vortex-asv/sensors/bms', 'symlink_install': False, 'test_result_base': None}
[4.353s] INFO:colcon.colcon_core.executor:Executing jobs using 'parallel' executor
[4.385s] DEBUG:colcon.colcon_parallel_executor.executor.parallel:run_until_complete
[4.389s] INFO:colcon.colcon_ros.task.ament_python.build:Building ROS package in '/home/vortex/david_test_ws/vortex-asv/sensors/bms' with build type 'ament_python'
[4.393s] Level 1:colcon.colcon_core.shell:create_environment_hook('bms', 'ament_prefix_path')
[4.438s] INFO:colcon.colcon_core.plugin_system:Skipping extension 'colcon_core.shell.bat': Not used on non-Windows systems
[4.441s] INFO:colcon.colcon_core.shell:Creating environment hook '/home/vortex/david_test_ws/vortex-asv/sensors/bms/install/bms/share/bms/hook/ament_prefix_path.ps1'
[4.447s] INFO:colcon.colcon_core.shell:Creating environment descriptor '/home/vortex/david_test_ws/vortex-asv/sensors/bms/install/bms/share/bms/hook/ament_prefix_path.dsv'
[4.452s] INFO:colcon.colcon_core.shell:Creating environment hook '/home/vortex/david_test_ws/vortex-asv/sensors/bms/install/bms/share/bms/hook/ament_prefix_path.sh'
[4.472s] INFO:colcon.colcon_core.shell:Skip shell extension 'powershell' for command environment: Not usable outside of PowerShell
[4.473s] DEBUG:colcon.colcon_core.shell:Skip shell extension 'dsv' for command environment
[7.133s] INFO:colcon.colcon_core.task.python.build:Building Python package in '/home/vortex/david_test_ws/vortex-asv/sensors/bms'
[7.149s] INFO:colcon.colcon_core.shell:Skip shell extension 'powershell' for command environment: Not usable outside of PowerShell
[7.149s] DEBUG:colcon.colcon_core.shell:Skip shell extension 'dsv' for command environment
[10.779s] DEBUG:colcon.colcon_core.event_handler.log_command:Invoking command in '/home/vortex/david_test_ws/vortex-asv/sensors/bms': PS1=${debian_chroot:+($debian_chroot)}\[\033[01;32m\]\u@\h\[\033[00m\]:\[\033[01;34m\]\w\[\033[00m\]\[\033[35m\]$(parse_git_branch)\[\033[00m\]\$ PYTHONPATH=/home/vortex/david_test_ws/vortex-asv/sensors/bms/build/bms/prefix_override:/home/vortex/david_test_ws/vortex-asv/sensors/bms/install/bms/lib/python3.10/site-packages:${PYTHONPATH} /usr/bin/python3 setup.py egg_info --egg-base build/bms build --build-base /home/vortex/david_test_ws/vortex-asv/sensors/bms/build/bms/build install --record /home/vortex/david_test_ws/vortex-asv/sensors/bms/build/bms/install.log --single-version-externally-managed
[13.734s] DEBUG:colcon.colcon_core.event_handler.log_command:Invoked command in '/home/vortex/david_test_ws/vortex-asv/sensors/bms' returned '0': PS1=${debian_chroot:+($debian_chroot)}\[\033[01;32m\]\u@\h\[\033[00m\]:\[\033[01;34m\]\w\[\033[00m\]\[\033[35m\]$(parse_git_branch)\[\033[00m\]\$ PYTHONPATH=/home/vortex/david_test_ws/vortex-asv/sensors/bms/build/bms/prefix_override:/home/vortex/david_test_ws/vortex-asv/sensors/bms/install/bms/lib/python3.10/site-packages:${PYTHONPATH} /usr/bin/python3 setup.py egg_info --egg-base build/bms build --build-base /home/vortex/david_test_ws/vortex-asv/sensors/bms/build/bms/build install --record /home/vortex/david_test_ws/vortex-asv/sensors/bms/build/bms/install.log --single-version-externally-managed
[13.783s] Level 1:colcon.colcon_core.environment:checking '/home/vortex/david_test_ws/vortex-asv/sensors/bms/install/bms' for CMake module files
[13.790s] Level 1:colcon.colcon_core.environment:checking '/home/vortex/david_test_ws/vortex-asv/sensors/bms/install/bms' for CMake config files
[13.802s] Level 1:colcon.colcon_core.environment:checking '/home/vortex/david_test_ws/vortex-asv/sensors/bms/install/bms/lib'
[13.804s] Level 1:colcon.colcon_core.environment:checking '/home/vortex/david_test_ws/vortex-asv/sensors/bms/install/bms/bin'
[13.805s] Level 1:colcon.colcon_core.environment:checking '/home/vortex/david_test_ws/vortex-asv/sensors/bms/install/bms/lib/pkgconfig/bms.pc'
[13.809s] Level 1:colcon.colcon_core.environment:checking '/home/vortex/david_test_ws/vortex-asv/sensors/bms/install/bms/lib/python3.10/site-packages'
[13.810s] Level 1:colcon.colcon_core.shell:create_environment_hook('bms', 'pythonpath')
[13.823s] INFO:colcon.colcon_core.shell:Creating environment hook '/home/vortex/david_test_ws/vortex-asv/sensors/bms/install/bms/share/bms/hook/pythonpath.ps1'
[13.827s] INFO:colcon.colcon_core.shell:Creating environment descriptor '/home/vortex/david_test_ws/vortex-asv/sensors/bms/install/bms/share/bms/hook/pythonpath.dsv'
[13.832s] INFO:colcon.colcon_core.shell:Creating environment hook '/home/vortex/david_test_ws/vortex-asv/sensors/bms/install/bms/share/bms/hook/pythonpath.sh'
[13.839s] Level 1:colcon.colcon_core.environment:checking '/home/vortex/david_test_ws/vortex-asv/sensors/bms/install/bms/bin'
[13.840s] Level 1:colcon.colcon_core.environment:create_environment_scripts_only(bms)
[13.857s] INFO:colcon.colcon_core.shell:Creating package script '/home/vortex/david_test_ws/vortex-asv/sensors/bms/install/bms/share/bms/package.ps1'
[13.868s] INFO:colcon.colcon_core.shell:Creating package descriptor '/home/vortex/david_test_ws/vortex-asv/sensors/bms/install/bms/share/bms/package.dsv'
[13.876s] INFO:colcon.colcon_core.shell:Creating package script '/home/vortex/david_test_ws/vortex-asv/sensors/bms/install/bms/share/bms/package.sh'
[13.885s] INFO:colcon.colcon_core.shell:Creating package script '/home/vortex/david_test_ws/vortex-asv/sensors/bms/install/bms/share/bms/package.bash'
[13.893s] INFO:colcon.colcon_core.shell:Creating package script '/home/vortex/david_test_ws/vortex-asv/sensors/bms/install/bms/share/bms/package.zsh'
[13.900s] Level 1:colcon.colcon_core.environment:create_file_with_runtime_dependencies(/home/vortex/david_test_ws/vortex-asv/sensors/bms/install/bms/share/colcon-core/packages/bms)
[13.906s] DEBUG:colcon.colcon_parallel_executor.executor.parallel:closing loop
[13.909s] DEBUG:colcon.colcon_parallel_executor.executor.parallel:loop closed
[13.911s] DEBUG:colcon.colcon_parallel_executor.executor.parallel:run_until_complete finished with '0'
[13.912s] DEBUG:colcon.colcon_core.event_reactor:joining thread
[13.960s] INFO:colcon.colcon_core.plugin_system:Skipping extension 'colcon_notification.desktop_notification.notify_send': Could not find 'notify-send'
[13.961s] INFO:colcon.colcon_core.plugin_system:Skipping extension 'colcon_notification.desktop_notification.terminal_notifier': Not used on non-Darwin systems
[13.962s] INFO:colcon.colcon_core.plugin_system:Skipping extension 'colcon_notification.desktop_notification.win32': Not used on non-Windows systems
[13.962s] INFO:colcon.colcon_notification.desktop_notification:Sending desktop notification using 'notify2'
[13.970s] DEBUG:colcon.colcon_notification.desktop_notification.notify2:Failed to initialize notify2: org.freedesktop.DBus.Error.ServiceUnknown: The name org.freedesktop.Notifications was not provided by any .service files
[13.971s] DEBUG:colcon.colcon_core.event_reactor:joined thread
[13.984s] INFO:colcon.colcon_core.shell:Creating prefix script '/home/vortex/david_test_ws/vortex-asv/sensors/bms/install/local_setup.ps1'
[13.994s] INFO:colcon.colcon_core.shell:Creating prefix util module '/home/vortex/david_test_ws/vortex-asv/sensors/bms/install/_local_setup_util_ps1.py'
[14.008s] INFO:colcon.colcon_core.shell:Creating prefix chain script '/home/vortex/david_test_ws/vortex-asv/sensors/bms/install/setup.ps1'
[14.022s] INFO:colcon.colcon_core.shell:Creating prefix script '/home/vortex/david_test_ws/vortex-asv/sensors/bms/install/local_setup.sh'
[14.029s] INFO:colcon.colcon_core.shell:Creating prefix util module '/home/vortex/david_test_ws/vortex-asv/sensors/bms/install/_local_setup_util_sh.py'
[14.034s] INFO:colcon.colcon_core.shell:Creating prefix chain script '/home/vortex/david_test_ws/vortex-asv/sensors/bms/install/setup.sh'
[14.050s] INFO:colcon.colcon_core.shell:Creating prefix script '/home/vortex/david_test_ws/vortex-asv/sensors/bms/install/local_setup.bash'
[14.056s] INFO:colcon.colcon_core.shell:Creating prefix chain script '/home/vortex/david_test_ws/vortex-asv/sensors/bms/install/setup.bash'
[14.070s] INFO:colcon.colcon_core.shell:Creating prefix script '/home/vortex/david_test_ws/vortex-asv/sensors/bms/install/local_setup.zsh'
[14.075s] INFO:colcon.colcon_core.shell:Creating prefix chain script '/home/vortex/david_test_ws/vortex-asv/sensors/bms/install/setup.zsh'
