[2.465s] Invoking command in '/home/vortex/david_test_ws/vortex-asv/sensors/bms': PS1=${debian_chroot:+($debian_chroot)}\[\033[01;32m\]\u@\h\[\033[00m\]:\[\033[01;34m\]\w\[\033[00m\]\[\033[35m\]$(parse_git_branch)\[\033[00m\]\$ PYTHONPATH=/home/vortex/david_test_ws/vortex-asv/sensors/bms/build/bms/prefix_override:/home/vortex/david_test_ws/vortex-asv/sensors/bms/install/bms/lib/python3.10/site-packages:${PYTHONPATH} /usr/bin/python3 setup.py egg_info --egg-base build/bms build --build-base /home/vortex/david_test_ws/vortex-asv/sensors/bms/build/bms/build install --record /home/vortex/david_test_ws/vortex-asv/sensors/bms/build/bms/install.log --single-version-externally-managed
[3.356s] running egg_info
[3.359s] writing build/bms/bms.egg-info/PKG-INFO
[3.360s] writing dependency_links to build/bms/bms.egg-info/dependency_links.txt
[3.361s] writing entry points to build/bms/bms.egg-info/entry_points.txt
[3.362s] writing requirements to build/bms/bms.egg-info/requires.txt
[3.363s] writing top-level names to build/bms/bms.egg-info/top_level.txt
[3.371s] reading manifest file 'build/bms/bms.egg-info/SOURCES.txt'
[3.375s] writing manifest file 'build/bms/bms.egg-info/SOURCES.txt'
[3.375s] running build
[3.376s] running build_py
[3.377s] copying bms/freya_bms_node.py -> /home/vortex/david_test_ws/vortex-asv/sensors/bms/build/bms/build/lib/bms
[3.378s] copying bms/testfile.py -> /home/vortex/david_test_ws/vortex-asv/sensors/bms/build/bms/build/lib/bms
[3.380s] running install
[3.380s] /usr/lib/python3/dist-packages/setuptools/command/install.py:34: SetuptoolsDeprecationWarning: setup.py install is deprecated. Use build and pip and other standards-based tools.
[3.381s]   warnings.warn(
[3.382s] running install_lib
[3.385s] copying /home/vortex/david_test_ws/vortex-asv/sensors/bms/build/bms/build/lib/bms/freya_bms_node.py -> /home/vortex/david_test_ws/vortex-asv/sensors/bms/install/bms/lib/python3.10/site-packages/bms
[3.387s] copying /home/vortex/david_test_ws/vortex-asv/sensors/bms/build/bms/build/lib/bms/testfile.py -> /home/vortex/david_test_ws/vortex-asv/sensors/bms/install/bms/lib/python3.10/site-packages/bms
[3.390s] byte-compiling /home/vortex/david_test_ws/vortex-asv/sensors/bms/install/bms/lib/python3.10/site-packages/bms/freya_bms_node.py to freya_bms_node.cpython-310.pyc
[3.393s] byte-compiling /home/vortex/david_test_ws/vortex-asv/sensors/bms/install/bms/lib/python3.10/site-packages/bms/testfile.py to testfile.cpython-310.pyc
[3.394s] running install_data
[3.397s] copying package.xml -> /home/vortex/david_test_ws/vortex-asv/sensors/bms/install/bms/share/bms
[3.398s] running install_egg_info
[3.404s] removing '/home/vortex/david_test_ws/vortex-asv/sensors/bms/install/bms/lib/python3.10/site-packages/bms-0.0.0-py3.10.egg-info' (and everything under it)
[3.406s] Copying build/bms/bms.egg-info to /home/vortex/david_test_ws/vortex-asv/sensors/bms/install/bms/lib/python3.10/site-packages/bms-0.0.0-py3.10.egg-info
[3.411s] running install_scripts
[3.487s] Installing talker script to /home/vortex/david_test_ws/vortex-asv/sensors/bms/install/bms/lib/bms
[3.489s] writing list of installed files to '/home/vortex/david_test_ws/vortex-asv/sensors/bms/build/bms/install.log'
[3.607s] Invoked command in '/home/vortex/david_test_ws/vortex-asv/sensors/bms' returned '0': PS1=${debian_chroot:+($debian_chroot)}\[\033[01;32m\]\u@\h\[\033[00m\]:\[\033[01;34m\]\w\[\033[00m\]\[\033[35m\]$(parse_git_branch)\[\033[00m\]\$ PYTHONPATH=/home/vortex/david_test_ws/vortex-asv/sensors/bms/build/bms/prefix_override:/home/vortex/david_test_ws/vortex-asv/sensors/bms/install/bms/lib/python3.10/site-packages:${PYTHONPATH} /usr/bin/python3 setup.py egg_info --egg-base build/bms build --build-base /home/vortex/david_test_ws/vortex-asv/sensors/bms/build/bms/build install --record /home/vortex/david_test_ws/vortex-asv/sensors/bms/build/bms/install.log --single-version-externally-managed
