[6.665s] Invoking command in '/home/vortex/david_test_ws/vortex-asv/sensors/bms': PS1=${debian_chroot:+($debian_chroot)}\[\033[01;32m\]\u@\h\[\033[00m\]:\[\033[01;34m\]\w\[\033[00m\]\[\033[35m\]$(parse_git_branch)\[\033[00m\]\$ PYTHONPATH=/home/vortex/david_test_ws/vortex-asv/sensors/bms/build/bms/prefix_override:/home/vortex/david_test_ws/vortex-asv/sensors/bms/install/bms/lib/python3.10/site-packages:${PYTHONPATH} /usr/bin/python3 setup.py egg_info --egg-base build/bms build --build-base /home/vortex/david_test_ws/vortex-asv/sensors/bms/build/bms/build install --record /home/vortex/david_test_ws/vortex-asv/sensors/bms/build/bms/install.log --single-version-externally-managed
[9.039s] running egg_info
[9.061s] writing build/bms/bms.egg-info/PKG-INFO
[9.063s] writing dependency_links to build/bms/bms.egg-info/dependency_links.txt
[9.065s] writing entry points to build/bms/bms.egg-info/entry_points.txt
[9.066s] writing requirements to build/bms/bms.egg-info/requires.txt
[9.067s] writing top-level names to build/bms/bms.egg-info/top_level.txt
[9.071s] reading manifest file 'build/bms/bms.egg-info/SOURCES.txt'
[9.095s] writing manifest file 'build/bms/bms.egg-info/SOURCES.txt'
[9.097s] running build
[9.098s] running build_py
[9.100s] copying bms/freya_bms_node.py -> /home/vortex/david_test_ws/vortex-asv/sensors/bms/build/bms/build/lib/bms
[9.102s] copying bms/freya_bms.py -> /home/vortex/david_test_ws/vortex-asv/sensors/bms/build/bms/build/lib/bms
[9.106s] copying bms/testfile.py -> /home/vortex/david_test_ws/vortex-asv/sensors/bms/build/bms/build/lib/bms
[9.110s] running install
[9.114s] /usr/lib/python3/dist-packages/setuptools/command/install.py:34: SetuptoolsDeprecationWarning: setup.py install is deprecated. Use build and pip and other standards-based tools.
[9.115s]   warnings.warn(
[9.122s] running install_lib
[9.133s] copying /home/vortex/david_test_ws/vortex-asv/sensors/bms/build/bms/build/lib/bms/freya_bms_node.py -> /home/vortex/david_test_ws/vortex-asv/sensors/bms/install/bms/lib/python3.10/site-packages/bms
[9.136s] copying /home/vortex/david_test_ws/vortex-asv/sensors/bms/build/bms/build/lib/bms/freya_bms.py -> /home/vortex/david_test_ws/vortex-asv/sensors/bms/install/bms/lib/python3.10/site-packages/bms
[9.140s] copying /home/vortex/david_test_ws/vortex-asv/sensors/bms/build/bms/build/lib/bms/testfile.py -> /home/vortex/david_test_ws/vortex-asv/sensors/bms/install/bms/lib/python3.10/site-packages/bms
[9.147s] byte-compiling /home/vortex/david_test_ws/vortex-asv/sensors/bms/install/bms/lib/python3.10/site-packages/bms/freya_bms_node.py to freya_bms_node.cpython-310.pyc
[9.154s] byte-compiling /home/vortex/david_test_ws/vortex-asv/sensors/bms/install/bms/lib/python3.10/site-packages/bms/freya_bms.py to freya_bms.cpython-310.pyc
[9.170s] byte-compiling /home/vortex/david_test_ws/vortex-asv/sensors/bms/install/bms/lib/python3.10/site-packages/bms/testfile.py to testfile.cpython-310.pyc
[9.175s] running install_data
[9.181s] creating /home/vortex/david_test_ws/vortex-asv/sensors/bms/install/bms/share/bms/launch
[9.182s] copying launch/bms_launch.py -> /home/vortex/david_test_ws/vortex-asv/sensors/bms/install/bms/share/bms/launch
[9.184s] running install_egg_info
[9.199s] removing '/home/vortex/david_test_ws/vortex-asv/sensors/bms/install/bms/lib/python3.10/site-packages/bms-0.0.0-py3.10.egg-info' (and everything under it)
[9.204s] Copying build/bms/bms.egg-info to /home/vortex/david_test_ws/vortex-asv/sensors/bms/install/bms/lib/python3.10/site-packages/bms-0.0.0-py3.10.egg-info
[9.233s] running install_scripts
[9.445s] Installing talker script to /home/vortex/david_test_ws/vortex-asv/sensors/bms/install/bms/lib/bms
[9.460s] writing list of installed files to '/home/vortex/david_test_ws/vortex-asv/sensors/bms/build/bms/install.log'
[9.680s] Invoked command in '/home/vortex/david_test_ws/vortex-asv/sensors/bms' returned '0': PS1=${debian_chroot:+($debian_chroot)}\[\033[01;32m\]\u@\h\[\033[00m\]:\[\033[01;34m\]\w\[\033[00m\]\[\033[35m\]$(parse_git_branch)\[\033[00m\]\$ PYTHONPATH=/home/vortex/david_test_ws/vortex-asv/sensors/bms/build/bms/prefix_override:/home/vortex/david_test_ws/vortex-asv/sensors/bms/install/bms/lib/python3.10/site-packages:${PYTHONPATH} /usr/bin/python3 setup.py egg_info --egg-base build/bms build --build-base /home/vortex/david_test_ws/vortex-asv/sensors/bms/build/bms/build install --record /home/vortex/david_test_ws/vortex-asv/sensors/bms/build/bms/install.log --single-version-externally-managed
