[6.611s] Invoking command in '/home/vortex/david_test_ws/vortex-asv/sensors/bms': PS1=${debian_chroot:+($debian_chroot)}\[\033[01;32m\]\u@\h\[\033[00m\]:\[\033[01;34m\]\w\[\033[00m\]\[\033[35m\]$(parse_git_branch)\[\033[00m\]\$ PYTHONPATH=/home/vortex/david_test_ws/vortex-asv/sensors/bms/build/bms/prefix_override:/home/vortex/david_test_ws/vortex-asv/sensors/bms/install/bms/lib/python3.10/site-packages:${PYTHONPATH} /usr/bin/python3 setup.py egg_info --egg-base build/bms build --build-base /home/vortex/david_test_ws/vortex-asv/sensors/bms/build/bms/build install --record /home/vortex/david_test_ws/vortex-asv/sensors/bms/build/bms/install.log --single-version-externally-managed
[9.258s] running egg_info
[9.261s] writing build/bms/bms.egg-info/PKG-INFO
[9.262s] writing dependency_links to build/bms/bms.egg-info/dependency_links.txt
[9.263s] writing entry points to build/bms/bms.egg-info/entry_points.txt
[9.264s] writing requirements to build/bms/bms.egg-info/requires.txt
[9.265s] writing top-level names to build/bms/bms.egg-info/top_level.txt
[9.274s] reading manifest file 'build/bms/bms.egg-info/SOURCES.txt'
[9.278s] writing manifest file 'build/bms/bms.egg-info/SOURCES.txt'
[9.279s] running build
[9.279s] running build_py
[9.280s] copying bms/freya_bms_node.py -> /home/vortex/david_test_ws/vortex-asv/sensors/bms/build/bms/build/lib/bms
[9.283s] running install
[9.284s] /usr/lib/python3/dist-packages/setuptools/command/install.py:34: SetuptoolsDeprecationWarning: setup.py install is deprecated. Use build and pip and other standards-based tools.
[9.285s]   warnings.warn(
[9.285s] running install_lib
[9.290s] copying /home/vortex/david_test_ws/vortex-asv/sensors/bms/build/bms/build/lib/bms/freya_bms_node.py -> /home/vortex/david_test_ws/vortex-asv/sensors/bms/install/bms/lib/python3.10/site-packages/bms
[9.294s] byte-compiling /home/vortex/david_test_ws/vortex-asv/sensors/bms/install/bms/lib/python3.10/site-packages/bms/freya_bms_node.py to freya_bms_node.cpython-310.pyc
[9.298s] running install_data
[9.300s] running install_egg_info
[9.309s] removing '/home/vortex/david_test_ws/vortex-asv/sensors/bms/install/bms/lib/python3.10/site-packages/bms-0.0.0-py3.10.egg-info' (and everything under it)
[9.311s] Copying build/bms/bms.egg-info to /home/vortex/david_test_ws/vortex-asv/sensors/bms/install/bms/lib/python3.10/site-packages/bms-0.0.0-py3.10.egg-info
[9.321s] running install_scripts
[9.508s] Installing talker script to /home/vortex/david_test_ws/vortex-asv/sensors/bms/install/bms/lib/bms
[9.516s] writing list of installed files to '/home/vortex/david_test_ws/vortex-asv/sensors/bms/build/bms/install.log'
[9.743s] Invoked command in '/home/vortex/david_test_ws/vortex-asv/sensors/bms' returned '0': PS1=${debian_chroot:+($debian_chroot)}\[\033[01;32m\]\u@\h\[\033[00m\]:\[\033[01;34m\]\w\[\033[00m\]\[\033[35m\]$(parse_git_branch)\[\033[00m\]\$ PYTHONPATH=/home/vortex/david_test_ws/vortex-asv/sensors/bms/build/bms/prefix_override:/home/vortex/david_test_ws/vortex-asv/sensors/bms/install/bms/lib/python3.10/site-packages:${PYTHONPATH} /usr/bin/python3 setup.py egg_info --egg-base build/bms build --build-base /home/vortex/david_test_ws/vortex-asv/sensors/bms/build/bms/build install --record /home/vortex/david_test_ws/vortex-asv/sensors/bms/build/bms/install.log --single-version-externally-managed
