[3.210s] DEBUG:colcon:Command line arguments: ['/usr/bin/colcon', 'build']
[3.211s] DEBUG:colcon:Parsed command line arguments: Namespace(log_base=None, log_level=None, verb_name='build', build_base='build', install_base='install', merge_install=False, symlink_install=False, test_result_base=None, continue_on_error=False, executor='parallel', parallel_workers=4, event_handlers=None, ignore_user_meta=False, metas=['./colcon.meta'], base_paths=['.'], packages_ignore=None, packages_ignore_regex=None, paths=None, packages_up_to=None, packages_up_to_regex=None, packages_above=None, packages_above_and_dependencies=None, packages_above_depth=None, packages_select_by_dep=None, packages_skip_by_dep=None, packages_skip_up_to=None, packages_select_build_failed=False, packages_skip_build_finished=False, packages_select_test_failures=False, packages_skip_test_passed=False, packages_select=None, packages_skip=None, packages_select_regex=None, packages_skip_regex=None, packages_start=None, packages_end=None, allow_overriding=[], cmake_args=None, cmake_target=None, cmake_target_skip_unavailable=False, cmake_clean_cache=False, cmake_clean_first=False, cmake_force_configure=False, ament_cmake_args=None, catkin_cmake_args=None, catkin_skip_building_tests=False, verb_parser=<colcon_defaults.argument_parser.defaults.DefaultArgumentsDecorator object at 0xffff9856ece0>, verb_extension=<colcon_core.verb.build.BuildVerb object at 0xffff98df87f0>, main=<bound method BuildVerb.main of <colcon_core.verb.build.BuildVerb object at 0xffff98df87f0>>)
[3.393s] Level 1:colcon.colcon_core.package_discovery:discover_packages(colcon_meta) check parameters
[3.395s] Level 1:colcon.colcon_core.package_discovery:discover_packages(recursive) check parameters
[3.395s] Level 1:colcon.colcon_core.package_discovery:discover_packages(ignore) check parameters
[3.395s] Level 1:colcon.colcon_core.package_discovery:discover_packages(path) check parameters
[3.396s] Level 1:colcon.colcon_core.package_discovery:discover_packages(colcon_meta) discover
[3.396s] Level 1:colcon.colcon_core.package_discovery:discover_packages(recursive) discover
[3.397s] INFO:colcon.colcon_core.package_discovery:Crawling recursively for packages in '/home/vortex/david_test_ws/vortex-asv/sensors/bms'
[3.398s] Level 1:colcon.colcon_core.package_identification:_identify(.) by extensions ['ignore', 'ignore_ament_install']
[3.399s] Level 1:colcon.colcon_core.package_identification:_identify(.) by extension 'ignore'
[3.400s] Level 1:colcon.colcon_core.package_identification:_identify(.) by extension 'ignore_ament_install'
[3.400s] Level 1:colcon.colcon_core.package_identification:_identify(.) by extensions ['colcon_pkg']
[3.401s] Level 1:colcon.colcon_core.package_identification:_identify(.) by extension 'colcon_pkg'
[3.401s] Level 1:colcon.colcon_core.package_identification:_identify(.) by extensions ['colcon_meta']
[3.401s] Level 1:colcon.colcon_core.package_identification:_identify(.) by extension 'colcon_meta'
[3.402s] Level 1:colcon.colcon_core.package_identification:_identify(.) by extensions ['ros']
[3.402s] Level 1:colcon.colcon_core.package_identification:_identify(.) by extension 'ros'
[3.545s] DEBUG:colcon.colcon_core.package_identification:Package '.' with type 'ros.ament_python' and name 'bms'
[3.546s] Level 1:colcon.colcon_core.package_discovery:discover_packages(recursive) using defaults
[3.547s] Level 1:colcon.colcon_core.package_discovery:discover_packages(ignore) discover
[3.547s] Level 1:colcon.colcon_core.package_discovery:discover_packages(ignore) using defaults
[3.547s] Level 1:colcon.colcon_core.package_discovery:discover_packages(path) discover
[3.548s] Level 1:colcon.colcon_core.package_discovery:discover_packages(path) using defaults
[3.793s] Level 1:colcon.colcon_core.package_discovery:discover_packages(prefix_path) check parameters
[3.794s] Level 1:colcon.colcon_core.package_discovery:discover_packages(prefix_path) discover
[3.823s] DEBUG:colcon.colcon_installed_package_information.package_discovery:Found 1 installed packages in /home/vortex/david_test_ws/vortex-asv/sensors/bms/install
[3.847s] DEBUG:colcon.colcon_installed_package_information.package_discovery:Found 196 installed packages in /opt/ros/humble
[3.861s] Level 1:colcon.colcon_core.package_discovery:discover_packages(prefix_path) using defaults
[4.352s] Level 5:colcon.colcon_core.verb:set package 'bms' build argument 'cmake_args' from command line to 'None'
[4.353s] Level 5:colcon.colcon_core.verb:set package 'bms' build argument 'cmake_target' from command line to 'None'
[4.353s] Level 5:colcon.colcon_core.verb:set package 'bms' build argument 'cmake_target_skip_unavailable' from command line to 'False'
[4.354s] Level 5:colcon.colcon_core.verb:set package 'bms' build argument 'cmake_clean_cache' from command line to 'False'
[4.354s] Level 5:colcon.colcon_core.verb:set package 'bms' build argument 'cmake_clean_first' from command line to 'False'
[4.354s] Level 5:colcon.colcon_core.verb:set package 'bms' build argument 'cmake_force_configure' from command line to 'False'
[4.355s] Level 5:colcon.colcon_core.verb:set package 'bms' build argument 'ament_cmake_args' from command line to 'None'
[4.355s] Level 5:colcon.colcon_core.verb:set package 'bms' build argument 'catkin_cmake_args' from command line to 'None'
[4.355s] Level 5:colcon.colcon_core.verb:set package 'bms' build argument 'catkin_skip_building_tests' from command line to 'False'
[4.356s] DEBUG:colcon.colcon_core.verb:Building package 'bms' with the following arguments: {'ament_cmake_args': None, 'build_base': '/home/vortex/david_test_ws/vortex-asv/sensors/bms/build/bms', 'catkin_cmake_args': None, 'catkin_skip_building_tests': False, 'cmake_args': None, 'cmake_clean_cache': False, 'cmake_clean_first': False, 'cmake_force_configure': False, 'cmake_target': None, 'cmake_target_skip_unavailable': False, 'install_base': '/home/vortex/david_test_ws/vortex-asv/sensors/bms/install/bms', 'merge_install': False, 'path': '/home/vortex/david_test_ws/vortex-asv/sensors/bms', 'symlink_install': False, 'test_result_base': None}
[4.362s] INFO:colcon.colcon_core.executor:Executing jobs using 'parallel' executor
[4.395s] DEBUG:colcon.colcon_parallel_executor.executor.parallel:run_until_complete
[4.397s] INFO:colcon.colcon_ros.task.ament_python.build:Building ROS package in '/home/vortex/david_test_ws/vortex-asv/sensors/bms' with build type 'ament_python'
[4.398s] Level 1:colcon.colcon_core.shell:create_environment_hook('bms', 'ament_prefix_path')
[4.444s] INFO:colcon.colcon_core.plugin_system:Skipping extension 'colcon_core.shell.bat': Not used on non-Windows systems
[4.447s] INFO:colcon.colcon_core.shell:Creating environment hook '/home/vortex/david_test_ws/vortex-asv/sensors/bms/install/bms/share/bms/hook/ament_prefix_path.ps1'
[4.453s] INFO:colcon.colcon_core.shell:Creating environment descriptor '/home/vortex/david_test_ws/vortex-asv/sensors/bms/install/bms/share/bms/hook/ament_prefix_path.dsv'
[4.458s] INFO:colcon.colcon_core.shell:Creating environment hook '/home/vortex/david_test_ws/vortex-asv/sensors/bms/install/bms/share/bms/hook/ament_prefix_path.sh'
[4.477s] INFO:colcon.colcon_core.shell:Skip shell extension 'powershell' for command environment: Not usable outside of PowerShell
[4.478s] DEBUG:colcon.colcon_core.shell:Skip shell extension 'dsv' for command environment
[7.052s] INFO:colcon.colcon_core.task.python.build:Building Python package in '/home/vortex/david_test_ws/vortex-asv/sensors/bms'
[7.066s] INFO:colcon.colcon_core.shell:Skip shell extension 'powershell' for command environment: Not usable outside of PowerShell
[7.068s] DEBUG:colcon.colcon_core.shell:Skip shell extension 'dsv' for command environment
[10.713s] DEBUG:colcon.colcon_core.event_handler.log_command:Invoking command in '/home/vortex/david_test_ws/vortex-asv/sensors/bms': PS1=${debian_chroot:+($debian_chroot)}\[\033[01;32m\]\u@\h\[\033[00m\]:\[\033[01;34m\]\w\[\033[00m\]\[\033[35m\]$(parse_git_branch)\[\033[00m\]\$ PYTHONPATH=/home/vortex/david_test_ws/vortex-asv/sensors/bms/build/bms/prefix_override:/home/vortex/david_test_ws/vortex-asv/sensors/bms/install/bms/lib/python3.10/site-packages:${PYTHONPATH} /usr/bin/python3 setup.py egg_info --egg-base build/bms build --build-base /home/vortex/david_test_ws/vortex-asv/sensors/bms/build/bms/build install --record /home/vortex/david_test_ws/vortex-asv/sensors/bms/build/bms/install.log --single-version-externally-managed
[13.657s] DEBUG:colcon.colcon_core.event_handler.log_command:Invoked command in '/home/vortex/david_test_ws/vortex-asv/sensors/bms' returned '0': PS1=${debian_chroot:+($debian_chroot)}\[\033[01;32m\]\u@\h\[\033[00m\]:\[\033[01;34m\]\w\[\033[00m\]\[\033[35m\]$(parse_git_branch)\[\033[00m\]\$ PYTHONPATH=/home/vortex/david_test_ws/vortex-asv/sensors/bms/build/bms/prefix_override:/home/vortex/david_test_ws/vortex-asv/sensors/bms/install/bms/lib/python3.10/site-packages:${PYTHONPATH} /usr/bin/python3 setup.py egg_info --egg-base build/bms build --build-base /home/vortex/david_test_ws/vortex-asv/sensors/bms/build/bms/build install --record /home/vortex/david_test_ws/vortex-asv/sensors/bms/build/bms/install.log --single-version-externally-managed
[13.702s] Level 1:colcon.colcon_core.environment:checking '/home/vortex/david_test_ws/vortex-asv/sensors/bms/install/bms' for CMake module files
[13.709s] Level 1:colcon.colcon_core.environment:checking '/home/vortex/david_test_ws/vortex-asv/sensors/bms/install/bms' for CMake config files
[13.720s] Level 1:colcon.colcon_core.environment:checking '/home/vortex/david_test_ws/vortex-asv/sensors/bms/install/bms/lib'
[13.722s] Level 1:colcon.colcon_core.environment:checking '/home/vortex/david_test_ws/vortex-asv/sensors/bms/install/bms/bin'
[13.723s] Level 1:colcon.colcon_core.environment:checking '/home/vortex/david_test_ws/vortex-asv/sensors/bms/install/bms/lib/pkgconfig/bms.pc'
[13.725s] Level 1:colcon.colcon_core.environment:checking '/home/vortex/david_test_ws/vortex-asv/sensors/bms/install/bms/lib/python3.10/site-packages'
[13.726s] Level 1:colcon.colcon_core.shell:create_environment_hook('bms', 'pythonpath')
[13.740s] INFO:colcon.colcon_core.shell:Creating environment hook '/home/vortex/david_test_ws/vortex-asv/sensors/bms/install/bms/share/bms/hook/pythonpath.ps1'
[13.745s] INFO:colcon.colcon_core.shell:Creating environment descriptor '/home/vortex/david_test_ws/vortex-asv/sensors/bms/install/bms/share/bms/hook/pythonpath.dsv'
[13.749s] INFO:colcon.colcon_core.shell:Creating environment hook '/home/vortex/david_test_ws/vortex-asv/sensors/bms/install/bms/share/bms/hook/pythonpath.sh'
[13.755s] Level 1:colcon.colcon_core.environment:checking '/home/vortex/david_test_ws/vortex-asv/sensors/bms/install/bms/bin'
[13.756s] Level 1:colcon.colcon_core.environment:create_environment_scripts_only(bms)
[13.770s] INFO:colcon.colcon_core.shell:Creating package script '/home/vortex/david_test_ws/vortex-asv/sensors/bms/install/bms/share/bms/package.ps1'
[13.779s] INFO:colcon.colcon_core.shell:Creating package descriptor '/home/vortex/david_test_ws/vortex-asv/sensors/bms/install/bms/share/bms/package.dsv'
[13.786s] INFO:colcon.colcon_core.shell:Creating package script '/home/vortex/david_test_ws/vortex-asv/sensors/bms/install/bms/share/bms/package.sh'
[13.794s] INFO:colcon.colcon_core.shell:Creating package script '/home/vortex/david_test_ws/vortex-asv/sensors/bms/install/bms/share/bms/package.bash'
[13.802s] INFO:colcon.colcon_core.shell:Creating package script '/home/vortex/david_test_ws/vortex-asv/sensors/bms/install/bms/share/bms/package.zsh'
[13.810s] Level 1:colcon.colcon_core.environment:create_file_with_runtime_dependencies(/home/vortex/david_test_ws/vortex-asv/sensors/bms/install/bms/share/colcon-core/packages/bms)
[13.813s] DEBUG:colcon.colcon_parallel_executor.executor.parallel:closing loop
[13.817s] DEBUG:colcon.colcon_parallel_executor.executor.parallel:loop closed
[13.817s] DEBUG:colcon.colcon_parallel_executor.executor.parallel:run_until_complete finished with '0'
[13.819s] DEBUG:colcon.colcon_core.event_reactor:joining thread
[13.872s] INFO:colcon.colcon_core.plugin_system:Skipping extension 'colcon_notification.desktop_notification.notify_send': Could not find 'notify-send'
[13.873s] INFO:colcon.colcon_core.plugin_system:Skipping extension 'colcon_notification.desktop_notification.terminal_notifier': Not used on non-Darwin systems
[13.874s] INFO:colcon.colcon_core.plugin_system:Skipping extension 'colcon_notification.desktop_notification.win32': Not used on non-Windows systems
[13.875s] INFO:colcon.colcon_notification.desktop_notification:Sending desktop notification using 'notify2'
[13.886s] DEBUG:colcon.colcon_notification.desktop_notification.notify2:Failed to initialize notify2: org.freedesktop.DBus.Error.ServiceUnknown: The name org.freedesktop.Notifications was not provided by any .service files
[13.889s] DEBUG:colcon.colcon_core.event_reactor:joined thread
[13.906s] INFO:colcon.colcon_core.shell:Creating prefix script '/home/vortex/david_test_ws/vortex-asv/sensors/bms/install/local_setup.ps1'
[13.916s] INFO:colcon.colcon_core.shell:Creating prefix util module '/home/vortex/david_test_ws/vortex-asv/sensors/bms/install/_local_setup_util_ps1.py'
[13.931s] INFO:colcon.colcon_core.shell:Creating prefix chain script '/home/vortex/david_test_ws/vortex-asv/sensors/bms/install/setup.ps1'
[13.947s] INFO:colcon.colcon_core.shell:Creating prefix script '/home/vortex/david_test_ws/vortex-asv/sensors/bms/install/local_setup.sh'
[13.954s] INFO:colcon.colcon_core.shell:Creating prefix util module '/home/vortex/david_test_ws/vortex-asv/sensors/bms/install/_local_setup_util_sh.py'
[13.961s] INFO:colcon.colcon_core.shell:Creating prefix chain script '/home/vortex/david_test_ws/vortex-asv/sensors/bms/install/setup.sh'
[13.978s] INFO:colcon.colcon_core.shell:Creating prefix script '/home/vortex/david_test_ws/vortex-asv/sensors/bms/install/local_setup.bash'
[13.985s] INFO:colcon.colcon_core.shell:Creating prefix chain script '/home/vortex/david_test_ws/vortex-asv/sensors/bms/install/setup.bash'
[14.001s] INFO:colcon.colcon_core.shell:Creating prefix script '/home/vortex/david_test_ws/vortex-asv/sensors/bms/install/local_setup.zsh'
[14.008s] INFO:colcon.colcon_core.shell:Creating prefix chain script '/home/vortex/david_test_ws/vortex-asv/sensors/bms/install/setup.zsh'
