[4.078s] Invoking command in '/home/vortex/david_test_ws/vortex-asv/sensors/bms': PS1=${debian_chroot:+($debian_chroot)}\[\033[01;32m\]\u@\h\[\033[00m\]:\[\033[01;34m\]\w\[\033[00m\]\[\033[35m\]$(parse_git_branch)\[\033[00m\]\$ PYTHONPATH=/home/vortex/david_test_ws/vortex-asv/sensors/bms/build/bms/prefix_override:/home/vortex/david_test_ws/vortex-asv/sensors/bms/install/bms/lib/python3.10/site-packages:${PYTHONPATH} /usr/bin/python3 setup.py egg_info --egg-base build/bms build --build-base /home/vortex/david_test_ws/vortex-asv/sensors/bms/build/bms/build install --record /home/vortex/david_test_ws/vortex-asv/sensors/bms/build/bms/install.log --single-version-externally-managed
[6.243s] running egg_info
[6.248s] writing build/bms/bms.egg-info/PKG-INFO
[6.251s] writing dependency_links to build/bms/bms.egg-info/dependency_links.txt
[6.253s] writing entry points to build/bms/bms.egg-info/entry_points.txt
[6.255s] writing requirements to build/bms/bms.egg-info/requires.txt
[6.256s] writing top-level names to build/bms/bms.egg-info/top_level.txt
[6.274s] reading manifest file 'build/bms/bms.egg-info/SOURCES.txt'
[6.284s] writing manifest file 'build/bms/bms.egg-info/SOURCES.txt'
[6.285s] running build
[6.286s] running build_py
[6.288s] copying bms/freya_bms_node.py -> /home/vortex/david_test_ws/vortex-asv/sensors/bms/build/bms/build/lib/bms
[6.295s] running install
[6.296s] /usr/lib/python3/dist-packages/setuptools/command/install.py:34: SetuptoolsDeprecationWarning: setup.py install is deprecated. Use build and pip and other standards-based tools.
[6.297s]   warnings.warn(
[6.299s] running install_lib
[6.309s] copying /home/vortex/david_test_ws/vortex-asv/sensors/bms/build/bms/build/lib/bms/freya_bms_node.py -> /home/vortex/david_test_ws/vortex-asv/sensors/bms/install/bms/lib/python3.10/site-packages/bms
[6.319s] byte-compiling /home/vortex/david_test_ws/vortex-asv/sensors/bms/install/bms/lib/python3.10/site-packages/bms/freya_bms_node.py to freya_bms_node.cpython-310.pyc
[6.328s] running install_data
[6.334s] running install_egg_info
[6.349s] removing '/home/vortex/david_test_ws/vortex-asv/sensors/bms/install/bms/lib/python3.10/site-packages/bms-0.0.0-py3.10.egg-info' (and everything under it)
[6.354s] Copying build/bms/bms.egg-info to /home/vortex/david_test_ws/vortex-asv/sensors/bms/install/bms/lib/python3.10/site-packages/bms-0.0.0-py3.10.egg-info
[6.371s] running install_scripts
[6.567s] Installing bms_publisher script to /home/vortex/david_test_ws/vortex-asv/sensors/bms/install/bms/lib/bms
[6.572s] writing list of installed files to '/home/vortex/david_test_ws/vortex-asv/sensors/bms/build/bms/install.log'
[6.780s] Invoked command in '/home/vortex/david_test_ws/vortex-asv/sensors/bms' returned '0': PS1=${debian_chroot:+($debian_chroot)}\[\033[01;32m\]\u@\h\[\033[00m\]:\[\033[01;34m\]\w\[\033[00m\]\[\033[35m\]$(parse_git_branch)\[\033[00m\]\$ PYTHONPATH=/home/vortex/david_test_ws/vortex-asv/sensors/bms/build/bms/prefix_override:/home/vortex/david_test_ws/vortex-asv/sensors/bms/install/bms/lib/python3.10/site-packages:${PYTHONPATH} /usr/bin/python3 setup.py egg_info --egg-base build/bms build --build-base /home/vortex/david_test_ws/vortex-asv/sensors/bms/build/bms/build install --record /home/vortex/david_test_ws/vortex-asv/sensors/bms/build/bms/install.log --single-version-externally-managed
