[6.387s] Invoking command in '/home/vortex/david_test_ws/vortex-asv/sensors/bms': PS1=${debian_chroot:+($debian_chroot)}\[\033[01;32m\]\u@\h\[\033[00m\]:\[\033[01;34m\]\w\[\033[00m\]\[\033[35m\]$(parse_git_branch)\[\033[00m\]\$ PYTHONPATH=/home/vortex/david_test_ws/vortex-asv/sensors/bms/build/bms/prefix_override:/home/vortex/david_test_ws/vortex-asv/sensors/bms/install/bms/lib/python3.10/site-packages:${PYTHONPATH} /usr/bin/python3 setup.py egg_info --egg-base build/bms build --build-base /home/vortex/david_test_ws/vortex-asv/sensors/bms/build/bms/build install --record /home/vortex/david_test_ws/vortex-asv/sensors/bms/build/bms/install.log --single-version-externally-managed
[8.781s] running egg_info
[8.788s] writing build/bms/bms.egg-info/PKG-INFO
[8.792s] writing dependency_links to build/bms/bms.egg-info/dependency_links.txt
[8.795s] writing entry points to build/bms/bms.egg-info/entry_points.txt
[8.797s] writing requirements to build/bms/bms.egg-info/requires.txt
[8.805s] writing top-level names to build/bms/bms.egg-info/top_level.txt
[8.817s] reading manifest file 'build/bms/bms.egg-info/SOURCES.txt'
[8.828s] writing manifest file 'build/bms/bms.egg-info/SOURCES.txt'
[8.829s] running build
[8.831s] running build_py
[8.837s] running install
[8.839s] /usr/lib/python3/dist-packages/setuptools/command/install.py:34: SetuptoolsDeprecationWarning: setup.py install is deprecated. Use build and pip and other standards-based tools.
[8.840s]   warnings.warn(
[8.842s] running install_lib
[8.860s] running install_data
[8.866s] copying launch/bms_launch.py -> /home/vortex/david_test_ws/vortex-asv/sensors/bms/install/bms/share/bms/launch
[8.868s] running install_egg_info
[8.885s] removing '/home/vortex/david_test_ws/vortex-asv/sensors/bms/install/bms/lib/python3.10/site-packages/bms-0.0.0-py3.10.egg-info' (and everything under it)
[8.889s] Copying build/bms/bms.egg-info to /home/vortex/david_test_ws/vortex-asv/sensors/bms/install/bms/lib/python3.10/site-packages/bms-0.0.0-py3.10.egg-info
[8.909s] running install_scripts
[9.116s] Installing talker script to /home/vortex/david_test_ws/vortex-asv/sensors/bms/install/bms/lib/bms
[9.121s] writing list of installed files to '/home/vortex/david_test_ws/vortex-asv/sensors/bms/build/bms/install.log'
[9.343s] Invoked command in '/home/vortex/david_test_ws/vortex-asv/sensors/bms' returned '0': PS1=${debian_chroot:+($debian_chroot)}\[\033[01;32m\]\u@\h\[\033[00m\]:\[\033[01;34m\]\w\[\033[00m\]\[\033[35m\]$(parse_git_branch)\[\033[00m\]\$ PYTHONPATH=/home/vortex/david_test_ws/vortex-asv/sensors/bms/build/bms/prefix_override:/home/vortex/david_test_ws/vortex-asv/sensors/bms/install/bms/lib/python3.10/site-packages:${PYTHONPATH} /usr/bin/python3 setup.py egg_info --egg-base build/bms build --build-base /home/vortex/david_test_ws/vortex-asv/sensors/bms/build/bms/build install --record /home/vortex/david_test_ws/vortex-asv/sensors/bms/build/bms/install.log --single-version-externally-managed
