running egg_info
creating build/bms/bms.egg-info
writing build/bms/bms.egg-info/PKG-INFO
writing dependency_links to build/bms/bms.egg-info/dependency_links.txt
writing entry points to build/bms/bms.egg-info/entry_points.txt
writing requirements to build/bms/bms.egg-info/requires.txt
writing top-level names to build/bms/bms.egg-info/top_level.txt
writing manifest file 'build/bms/bms.egg-info/SOURCES.txt'
reading manifest file 'build/bms/bms.egg-info/SOURCES.txt'
writing manifest file 'build/bms/bms.egg-info/SOURCES.txt'
running build
running build_py
creating /home/vortex/david_test_ws/vortex-asv/sensors/bms/build/bms/build
creating /home/vortex/david_test_ws/vortex-asv/sensors/bms/build/bms/build/lib
creating /home/vortex/david_test_ws/vortex-asv/sensors/bms/build/bms/build/lib/bms
copying bms/old_freya_bms_node.py -> /home/vortex/david_test_ws/vortex-asv/sensors/bms/build/bms/build/lib/bms
copying bms/freya_bms_node.py -> /home/vortex/david_test_ws/vortex-asv/sensors/bms/build/bms/build/lib/bms
copying bms/freya_bms.py -> /home/vortex/david_test_ws/vortex-asv/sensors/bms/build/bms/build/lib/bms
copying bms/__init__.py -> /home/vortex/david_test_ws/vortex-asv/sensors/bms/build/bms/build/lib/bms
copying bms/old_freya_bms.py -> /home/vortex/david_test_ws/vortex-asv/sensors/bms/build/bms/build/lib/bms
copying bms/testfile.py -> /home/vortex/david_test_ws/vortex-asv/sensors/bms/build/bms/build/lib/bms
running install
/usr/lib/python3/dist-packages/setuptools/command/install.py:34: SetuptoolsDeprecationWarning: setup.py install is deprecated. Use build and pip and other standards-based tools.
  warnings.warn(
running install_lib
creating /home/vortex/david_test_ws/vortex-asv/sensors/bms/install/bms/lib/python3.10/site-packages/bms
copying /home/vortex/david_test_ws/vortex-asv/sensors/bms/build/bms/build/lib/bms/old_freya_bms_node.py -> /home/vortex/david_test_ws/vortex-asv/sensors/bms/install/bms/lib/python3.10/site-packages/bms
copying /home/vortex/david_test_ws/vortex-asv/sensors/bms/build/bms/build/lib/bms/freya_bms_node.py -> /home/vortex/david_test_ws/vortex-asv/sensors/bms/install/bms/lib/python3.10/site-packages/bms
copying /home/vortex/david_test_ws/vortex-asv/sensors/bms/build/bms/build/lib/bms/freya_bms.py -> /home/vortex/david_test_ws/vortex-asv/sensors/bms/install/bms/lib/python3.10/site-packages/bms
copying /home/vortex/david_test_ws/vortex-asv/sensors/bms/build/bms/build/lib/bms/__init__.py -> /home/vortex/david_test_ws/vortex-asv/sensors/bms/install/bms/lib/python3.10/site-packages/bms
copying /home/vortex/david_test_ws/vortex-asv/sensors/bms/build/bms/build/lib/bms/old_freya_bms.py -> /home/vortex/david_test_ws/vortex-asv/sensors/bms/install/bms/lib/python3.10/site-packages/bms
copying /home/vortex/david_test_ws/vortex-asv/sensors/bms/build/bms/build/lib/bms/testfile.py -> /home/vortex/david_test_ws/vortex-asv/sensors/bms/install/bms/lib/python3.10/site-packages/bms
byte-compiling /home/vortex/david_test_ws/vortex-asv/sensors/bms/install/bms/lib/python3.10/site-packages/bms/old_freya_bms_node.py to old_freya_bms_node.cpython-310.pyc
byte-compiling /home/vortex/david_test_ws/vortex-asv/sensors/bms/install/bms/lib/python3.10/site-packages/bms/freya_bms_node.py to freya_bms_node.cpython-310.pyc
byte-compiling /home/vortex/david_test_ws/vortex-asv/sensors/bms/install/bms/lib/python3.10/site-packages/bms/freya_bms.py to freya_bms.cpython-310.pyc
byte-compiling /home/vortex/david_test_ws/vortex-asv/sensors/bms/install/bms/lib/python3.10/site-packages/bms/__init__.py to __init__.cpython-310.pyc
byte-compiling /home/vortex/david_test_ws/vortex-asv/sensors/bms/install/bms/lib/python3.10/site-packages/bms/old_freya_bms.py to old_freya_bms.cpython-310.pyc
byte-compiling /home/vortex/david_test_ws/vortex-asv/sensors/bms/install/bms/lib/python3.10/site-packages/bms/testfile.py to testfile.cpython-310.pyc
running install_data
creating /home/vortex/david_test_ws/vortex-asv/sensors/bms/install/bms/share/ament_index
creating /home/vortex/david_test_ws/vortex-asv/sensors/bms/install/bms/share/ament_index/resource_index
creating /home/vortex/david_test_ws/vortex-asv/sensors/bms/install/bms/share/ament_index/resource_index/packages
copying resource/bms -> /home/vortex/david_test_ws/vortex-asv/sensors/bms/install/bms/share/ament_index/resource_index/packages
copying package.xml -> /home/vortex/david_test_ws/vortex-asv/sensors/bms/install/bms/share/bms
running install_egg_info
Copying build/bms/bms.egg-info to /home/vortex/david_test_ws/vortex-asv/sensors/bms/install/bms/lib/python3.10/site-packages/bms-0.0.0-py3.10.egg-info
running install_scripts
Installing talker script to /home/vortex/david_test_ws/vortex-asv/sensors/bms/install/bms/lib/bms
writing list of installed files to '/home/vortex/david_test_ws/vortex-asv/sensors/bms/build/bms/install.log'
